2022-02-19 15:02:20.162  INFO 12068 --- [restartedMain] c.i.PatikaSpringBootDockerApplication    : Starting PatikaSpringBootDockerApplication using Java 11.0.11 on DESKTOP-VPEJINM with PID 12068 (C:\Users\egn25\Desktop\Patika_SpringBoot_Docker\target\classes started by egn25 in C:\Users\egn25\Desktop\Patika_SpringBoot_Docker)
2022-02-19 15:02:20.162  INFO 12068 --- [restartedMain] c.i.PatikaSpringBootDockerApplication    : No active profile set, falling back to default profiles: default
2022-02-19 15:02:20.556  INFO 12068 --- [restartedMain] .e.DevToolsPropertyDefaultsPostProcessor : Devtools property defaults active! Set 'spring.devtools.add-properties' to 'false' to disable
2022-02-19 15:02:20.557  INFO 12068 --- [restartedMain] .e.DevToolsPropertyDefaultsPostProcessor : For additional web related logging consider setting the 'logging.level.web' property to 'DEBUG'
2022-02-19 15:02:25.258  INFO 12068 --- [restartedMain] .s.d.r.c.RepositoryConfigurationDelegate : Multiple Spring Data modules found, entering strict repository configuration mode!
2022-02-19 15:02:25.258  INFO 12068 --- [restartedMain] .s.d.r.c.RepositoryConfigurationDelegate : Bootstrapping Spring Data JDBC repositories in DEFAULT mode.
2022-02-19 15:02:25.268  INFO 12068 --- [restartedMain] .s.d.r.c.RepositoryConfigurationDelegate : Finished Spring Data repository scanning in 8 ms. Found 0 JDBC repository interfaces.
2022-02-19 15:02:25.354  INFO 12068 --- [restartedMain] .s.d.r.c.RepositoryConfigurationDelegate : Multiple Spring Data modules found, entering strict repository configuration mode!
2022-02-19 15:02:25.354  INFO 12068 --- [restartedMain] .s.d.r.c.RepositoryConfigurationDelegate : Bootstrapping Spring Data JPA repositories in DEFAULT mode.
2022-02-19 15:02:25.372  INFO 12068 --- [restartedMain] .s.d.r.c.RepositoryConfigurationDelegate : Finished Spring Data repository scanning in 1 ms. Found 0 JPA repository interfaces.
2022-02-19 15:02:28.113  INFO 12068 --- [restartedMain] o.s.b.w.embedded.tomcat.TomcatWebServer  : Tomcat initialized with port(s): 8080 (http)
2022-02-19 15:02:28.670  INFO 12068 --- [restartedMain] o.apache.catalina.core.StandardService   : Starting service [Tomcat]
2022-02-19 15:02:28.671  INFO 12068 --- [restartedMain] org.apache.catalina.core.StandardEngine  : Starting Servlet engine: [Apache Tomcat/9.0.56]
2022-02-19 15:02:29.336  INFO 12068 --- [restartedMain] o.a.c.c.C.[Tomcat].[localhost].[/]       : Initializing Spring embedded WebApplicationContext
2022-02-19 15:02:29.342  INFO 12068 --- [restartedMain] w.s.c.ServletWebServerApplicationContext : Root WebApplicationContext: initialization completed in 8776 ms
2022-02-19 15:02:29.766  INFO 12068 --- [restartedMain] com.zaxxer.hikari.HikariDataSource       : HikariPool-1 - Starting...
2022-02-19 15:02:30.391  INFO 12068 --- [restartedMain] com.zaxxer.hikari.HikariDataSource       : HikariPool-1 - Start completed.
2022-02-19 15:02:30.405  INFO 12068 --- [restartedMain] o.s.b.a.h2.H2ConsoleAutoConfiguration    : H2 console available at '/h2-console'. Database available at 'jdbc:h2:file:./memory_persist/denemedb'
2022-02-19 15:02:31.121  INFO 12068 --- [restartedMain] o.hibernate.jpa.internal.util.LogHelper  : HHH000204: Processing PersistenceUnitInfo [name: default]
2022-02-19 15:02:31.690  INFO 12068 --- [restartedMain] org.hibernate.Version                    : HHH000412: Hibernate ORM core version 5.6.4.Final
2022-02-19 15:02:32.628  INFO 12068 --- [restartedMain] o.hibernate.annotations.common.Version   : HCANN000001: Hibernate Commons Annotations {5.1.2.Final}
2022-02-19 15:02:33.319  INFO 12068 --- [restartedMain] org.hibernate.dialect.Dialect            : HHH000400: Using dialect: org.hibernate.dialect.H2Dialect
2022-02-19 15:02:34.417  INFO 12068 --- [restartedMain] o.h.e.t.j.p.i.JtaPlatformInitiator       : HHH000490: Using JtaPlatform implementation: [org.hibernate.engine.transaction.jta.platform.internal.NoJtaPlatform]
2022-02-19 15:02:34.438  INFO 12068 --- [restartedMain] j.LocalContainerEntityManagerFactoryBean : Initialized JPA EntityManagerFactory for persistence unit 'default'
2022-02-19 15:02:34.666  WARN 12068 --- [restartedMain] JpaBaseConfiguration$JpaWebConfiguration : spring.jpa.open-in-view is enabled by default. Therefore, database queries may be performed during view rendering. Explicitly configure spring.jpa.open-in-view to disable this warning
2022-02-19 15:02:35.942  WARN 12068 --- [restartedMain] ion$DefaultTemplateResolverConfiguration : Cannot find template location: classpath:/templates/ (please add some templates or check your Thymeleaf configuration)
2022-02-19 15:02:38.000  INFO 12068 --- [restartedMain] o.s.b.d.a.OptionalLiveReloadServer       : LiveReload server is running on port 35729
2022-02-19 15:02:38.098  INFO 12068 --- [restartedMain] o.s.b.a.e.web.EndpointLinksResolver      : Exposing 1 endpoint(s) beneath base path '/actuator'
2022-02-19 15:02:38.234  INFO 12068 --- [restartedMain] o.s.b.w.embedded.tomcat.TomcatWebServer  : Tomcat started on port(s): 8080 (http) with context path ''
2022-02-19 15:02:38.305  INFO 12068 --- [restartedMain] c.i.PatikaSpringBootDockerApplication    : Started PatikaSpringBootDockerApplication in 20.042 seconds (JVM running for 27.61)
2022-02-19 15:33:09.717  INFO 12068 --- [SpringApplicationShutdownHook] j.LocalContainerEntityManagerFactoryBean : Closing JPA EntityManagerFactory for persistence unit 'default'
2022-02-19 15:33:09.737  INFO 12068 --- [SpringApplicationShutdownHook] com.zaxxer.hikari.HikariDataSource       : HikariPool-1 - Shutdown initiated...
2022-02-19 15:33:09.739  INFO 12068 --- [SpringApplicationShutdownHook] com.zaxxer.hikari.HikariDataSource       : HikariPool-1 - Shutdown completed.
2022-02-19 15:33:23.613  INFO 10988 --- [restartedMain] c.i.PatikaSpringBootDockerApplication    : Starting PatikaSpringBootDockerApplication using Java 11.0.11 on DESKTOP-VPEJINM with PID 10988 (C:\Users\egn25\Desktop\Patika_SpringBoot_Docker\target\classes started by egn25 in C:\Users\egn25\Desktop\Patika_SpringBoot_Docker)
2022-02-19 15:33:23.613  INFO 10988 --- [restartedMain] c.i.PatikaSpringBootDockerApplication    : No active profile set, falling back to default profiles: default
2022-02-19 15:33:23.685  INFO 10988 --- [restartedMain] .e.DevToolsPropertyDefaultsPostProcessor : Devtools property defaults active! Set 'spring.devtools.add-properties' to 'false' to disable
2022-02-19 15:33:23.685  INFO 10988 --- [restartedMain] .e.DevToolsPropertyDefaultsPostProcessor : For additional web related logging consider setting the 'logging.level.web' property to 'DEBUG'
2022-02-19 15:33:24.790  INFO 10988 --- [restartedMain] .s.d.r.c.RepositoryConfigurationDelegate : Multiple Spring Data modules found, entering strict repository configuration mode!
2022-02-19 15:33:24.790  INFO 10988 --- [restartedMain] .s.d.r.c.RepositoryConfigurationDelegate : Bootstrapping Spring Data JDBC repositories in DEFAULT mode.
2022-02-19 15:33:24.805  INFO 10988 --- [restartedMain] .s.d.r.c.RepositoryConfigurationDelegate : Finished Spring Data repository scanning in 7 ms. Found 0 JDBC repository interfaces.
2022-02-19 15:33:24.821  INFO 10988 --- [restartedMain] .s.d.r.c.RepositoryConfigurationDelegate : Multiple Spring Data modules found, entering strict repository configuration mode!
2022-02-19 15:33:24.821  INFO 10988 --- [restartedMain] .s.d.r.c.RepositoryConfigurationDelegate : Bootstrapping Spring Data JPA repositories in DEFAULT mode.
2022-02-19 15:33:24.821  INFO 10988 --- [restartedMain] .s.d.r.c.RepositoryConfigurationDelegate : Finished Spring Data repository scanning in 1 ms. Found 0 JPA repository interfaces.
2022-02-19 15:33:25.603  INFO 10988 --- [restartedMain] o.s.b.w.embedded.tomcat.TomcatWebServer  : Tomcat initialized with port(s): 8080 (http)
2022-02-19 15:33:25.619  INFO 10988 --- [restartedMain] o.apache.catalina.core.StandardService   : Starting service [Tomcat]
2022-02-19 15:33:25.619  INFO 10988 --- [restartedMain] org.apache.catalina.core.StandardEngine  : Starting Servlet engine: [Apache Tomcat/9.0.56]
2022-02-19 15:33:25.768  INFO 10988 --- [restartedMain] o.a.c.c.C.[Tomcat].[localhost].[/]       : Initializing Spring embedded WebApplicationContext
2022-02-19 15:33:25.768  INFO 10988 --- [restartedMain] w.s.c.ServletWebServerApplicationContext : Root WebApplicationContext: initialization completed in 2082 ms
2022-02-19 15:33:25.893  INFO 10988 --- [restartedMain] com.zaxxer.hikari.HikariDataSource       : HikariPool-1 - Starting...
2022-02-19 15:33:26.036  INFO 10988 --- [restartedMain] com.zaxxer.hikari.HikariDataSource       : HikariPool-1 - Start completed.
2022-02-19 15:33:26.051  INFO 10988 --- [restartedMain] o.s.b.a.h2.H2ConsoleAutoConfiguration    : H2 console available at '/h2-console'. Database available at 'jdbc:h2:file:./memory_persist/denemedb'
2022-02-19 15:33:26.219  INFO 10988 --- [restartedMain] o.hibernate.jpa.internal.util.LogHelper  : HHH000204: Processing PersistenceUnitInfo [name: default]
2022-02-19 15:33:26.266  INFO 10988 --- [restartedMain] org.hibernate.Version                    : HHH000412: Hibernate ORM core version 5.6.4.Final
2022-02-19 15:33:26.407  INFO 10988 --- [restartedMain] o.hibernate.annotations.common.Version   : HCANN000001: Hibernate Commons Annotations {5.1.2.Final}
2022-02-19 15:33:26.516  INFO 10988 --- [restartedMain] org.hibernate.dialect.Dialect            : HHH000400: Using dialect: org.hibernate.dialect.H2Dialect
2022-02-19 15:33:26.720  INFO 10988 --- [restartedMain] o.h.e.t.j.p.i.JtaPlatformInitiator       : HHH000490: Using JtaPlatform implementation: [org.hibernate.engine.transaction.jta.platform.internal.NoJtaPlatform]
2022-02-19 15:33:26.736  INFO 10988 --- [restartedMain] j.LocalContainerEntityManagerFactoryBean : Initialized JPA EntityManagerFactory for persistence unit 'default'
2022-02-19 15:33:26.955  WARN 10988 --- [restartedMain] JpaBaseConfiguration$JpaWebConfiguration : spring.jpa.open-in-view is enabled by default. Therefore, database queries may be performed during view rendering. Explicitly configure spring.jpa.open-in-view to disable this warning
2022-02-19 15:33:27.221  WARN 10988 --- [restartedMain] ion$DefaultTemplateResolverConfiguration : Cannot find template location: classpath:/templates/ (please add some templates or check your Thymeleaf configuration)
2022-02-19 15:33:27.596  INFO 10988 --- [restartedMain] o.s.b.d.a.OptionalLiveReloadServer       : LiveReload server is running on port 35729
2022-02-19 15:33:27.596  INFO 10988 --- [restartedMain] o.s.b.a.e.web.EndpointLinksResolver      : Exposing 1 endpoint(s) beneath base path '/actuator'
2022-02-19 15:33:27.661  INFO 10988 --- [restartedMain] o.s.b.w.embedded.tomcat.TomcatWebServer  : Tomcat started on port(s): 8080 (http) with context path ''
2022-02-19 15:33:27.677  INFO 10988 --- [restartedMain] c.i.PatikaSpringBootDockerApplication    : Started PatikaSpringBootDockerApplication in 4.837 seconds (JVM running for 7.724)
2022-02-19 15:33:27.693 DEBUG 10988 --- [restartedMain] o.s.jdbc.core.JdbcTemplate               : Executing SQL update [INSERT INTO product (product_name, product_trade) VALUES ('Ürün adı', 'bilgisayar')]
2022-02-19 15:33:28.011  INFO 10988 --- [restartedMain] ConditionEvaluationReportLoggingListener : 

Error starting ApplicationContext. To display the conditions report re-run your application with 'debug' enabled.
2022-02-19 15:33:28.074 ERROR 10988 --- [restartedMain] o.s.boot.SpringApplication               : Application run failed

java.lang.IllegalStateException: Failed to execute CommandLineRunner
	at org.springframework.boot.SpringApplication.callRunner(SpringApplication.java:772) ~[spring-boot-2.6.3.jar:2.6.3]
	at org.springframework.boot.SpringApplication.callRunners(SpringApplication.java:753) ~[spring-boot-2.6.3.jar:2.6.3]
	at org.springframework.boot.SpringApplication.run(SpringApplication.java:309) ~[spring-boot-2.6.3.jar:2.6.3]
	at org.springframework.boot.SpringApplication.run(SpringApplication.java:1303) ~[spring-boot-2.6.3.jar:2.6.3]
	at org.springframework.boot.SpringApplication.run(SpringApplication.java:1292) ~[spring-boot-2.6.3.jar:2.6.3]
	at com.innova.PatikaSpringBootDockerApplication.main(PatikaSpringBootDockerApplication.java:24) ~[classes/:na]
	at java.base/jdk.internal.reflect.NativeMethodAccessorImpl.invoke0(Native Method) ~[na:na]
	at java.base/jdk.internal.reflect.NativeMethodAccessorImpl.invoke(NativeMethodAccessorImpl.java:62) ~[na:na]
	at java.base/jdk.internal.reflect.DelegatingMethodAccessorImpl.invoke(DelegatingMethodAccessorImpl.java:43) ~[na:na]
	at java.base/java.lang.reflect.Method.invoke(Method.java:566) ~[na:na]
	at org.springframework.boot.devtools.restart.RestartLauncher.run(RestartLauncher.java:49) ~[spring-boot-devtools-2.6.3.jar:2.6.3]
Caused by: org.springframework.jdbc.BadSqlGrammarException: StatementCallback; bad SQL grammar [INSERT INTO product (product_name, product_trade) VALUES ('Ürün adı', 'bilgisayar')]; nested exception is org.h2.jdbc.JdbcSQLSyntaxErrorException: Table "PRODUCT" not found; SQL statement:
INSERT INTO product (product_name, product_trade) VALUES ('Ürün adı', 'bilgisayar') [42102-200]
	at org.springframework.jdbc.support.SQLErrorCodeSQLExceptionTranslator.doTranslate(SQLErrorCodeSQLExceptionTranslator.java:239) ~[spring-jdbc-5.3.15.jar:5.3.15]
	at org.springframework.jdbc.support.AbstractFallbackSQLExceptionTranslator.translate(AbstractFallbackSQLExceptionTranslator.java:70) ~[spring-jdbc-5.3.15.jar:5.3.15]
	at org.springframework.jdbc.core.JdbcTemplate.translateException(JdbcTemplate.java:1541) ~[spring-jdbc-5.3.15.jar:5.3.15]
	at org.springframework.jdbc.core.JdbcTemplate.execute(JdbcTemplate.java:393) ~[spring-jdbc-5.3.15.jar:5.3.15]
	at org.springframework.jdbc.core.JdbcTemplate.update(JdbcTemplate.java:558) ~[spring-jdbc-5.3.15.jar:5.3.15]
	at com.innova.PatikaSpringBootDockerApplication.run(PatikaSpringBootDockerApplication.java:36) ~[classes/:na]
	at org.springframework.boot.SpringApplication.callRunner(SpringApplication.java:769) ~[spring-boot-2.6.3.jar:2.6.3]
	... 10 common frames omitted
Caused by: org.h2.jdbc.JdbcSQLSyntaxErrorException: Table "PRODUCT" not found; SQL statement:
INSERT INTO product (product_name, product_trade) VALUES ('Ürün adı', 'bilgisayar') [42102-200]
	at org.h2.message.DbException.getJdbcSQLException(DbException.java:453) ~[h2-1.4.200.jar:1.4.200]
	at org.h2.message.DbException.getJdbcSQLException(DbException.java:429) ~[h2-1.4.200.jar:1.4.200]
	at org.h2.message.DbException.get(DbException.java:205) ~[h2-1.4.200.jar:1.4.200]
	at org.h2.message.DbException.get(DbException.java:181) ~[h2-1.4.200.jar:1.4.200]
	at org.h2.command.Parser.readTableOrView(Parser.java:7628) ~[h2-1.4.200.jar:1.4.200]
	at org.h2.command.Parser.readTableOrView(Parser.java:7599) ~[h2-1.4.200.jar:1.4.200]
	at org.h2.command.Parser.parseInsert(Parser.java:1747) ~[h2-1.4.200.jar:1.4.200]
	at org.h2.command.Parser.parsePrepared(Parser.java:954) ~[h2-1.4.200.jar:1.4.200]
	at org.h2.command.Parser.parse(Parser.java:843) ~[h2-1.4.200.jar:1.4.200]
	at org.h2.command.Parser.parse(Parser.java:815) ~[h2-1.4.200.jar:1.4.200]
	at org.h2.command.Parser.prepareCommand(Parser.java:738) ~[h2-1.4.200.jar:1.4.200]
	at org.h2.engine.Session.prepareLocal(Session.java:657) ~[h2-1.4.200.jar:1.4.200]
	at org.h2.engine.Session.prepareCommand(Session.java:595) ~[h2-1.4.200.jar:1.4.200]
	at org.h2.jdbc.JdbcConnection.prepareCommand(JdbcConnection.java:1235) ~[h2-1.4.200.jar:1.4.200]
	at org.h2.jdbc.JdbcStatement.executeUpdateInternal(JdbcStatement.java:164) ~[h2-1.4.200.jar:1.4.200]
	at org.h2.jdbc.JdbcStatement.executeUpdate(JdbcStatement.java:126) ~[h2-1.4.200.jar:1.4.200]
	at com.zaxxer.hikari.pool.ProxyStatement.executeUpdate(ProxyStatement.java:119) ~[HikariCP-4.0.3.jar:na]
	at com.zaxxer.hikari.pool.HikariProxyStatement.executeUpdate(HikariProxyStatement.java) ~[HikariCP-4.0.3.jar:na]
	at org.springframework.jdbc.core.JdbcTemplate$1UpdateStatementCallback.doInStatement(JdbcTemplate.java:546) ~[spring-jdbc-5.3.15.jar:5.3.15]
	at org.springframework.jdbc.core.JdbcTemplate$1UpdateStatementCallback.doInStatement(JdbcTemplate.java:543) ~[spring-jdbc-5.3.15.jar:5.3.15]
	at org.springframework.jdbc.core.JdbcTemplate.execute(JdbcTemplate.java:381) ~[spring-jdbc-5.3.15.jar:5.3.15]
	... 13 common frames omitted

2022-02-19 15:33:28.331  INFO 10988 --- [restartedMain] j.LocalContainerEntityManagerFactoryBean : Closing JPA EntityManagerFactory for persistence unit 'default'
2022-02-19 15:33:28.331  INFO 10988 --- [restartedMain] com.zaxxer.hikari.HikariDataSource       : HikariPool-1 - Shutdown initiated...
2022-02-19 15:33:28.383  INFO 10988 --- [restartedMain] com.zaxxer.hikari.HikariDataSource       : HikariPool-1 - Shutdown completed.
